<?xml version="1.0" encoding="UTF-8"?>
<!-- Generated by org.testng.reporters.JUnitReportReporter -->
<testsuite hostname="DESKTOP-N0HSUA8" name="com.qa.crm.test.LoginPageTest" tests="1" failures="0" timestamp="26 Sep 2021 09:19:44 GMT" time="31.843" errors="0">
  <testcase name="loginIntoApplication" time="31.843" classname="com.qa.crm.test.LoginPageTest"/>
</testsuite> <!-- com.qa.crm.test.LoginPageTest -->
