<?xml version="1.0" encoding="UTF-8"?>
<!-- Generated by org.testng.reporters.JUnitReportReporter -->
<testsuite hostname="DESKTOP-N0HSUA8" name="com.qa.crm.test.LoginPageTest" tests="4" failures="0" timestamp="28 Sep 2021 04:56:57 GMT" time="7.242" errors="0">
  <testcase name="loginIntoApplication" time="7.040" classname="com.qa.crm.test.LoginPageTest"/>
  <testcase name="verifyLognButton" time="0.056" classname="com.qa.crm.test.LoginPageTest"/>
  <testcase name="verifyPasswordTextBox" time="0.054" classname="com.qa.crm.test.LoginPageTest"/>
  <testcase name="verifyUserNameTextBox" time="0.092" classname="com.qa.crm.test.LoginPageTest"/>
</testsuite> <!-- com.qa.crm.test.LoginPageTest -->
