<?xml version="1.0" encoding="UTF-8"?>
<!-- Generated by org.testng.reporters.JUnitReportReporter -->
<testsuite hostname="DESKTOP-N0HSUA8" name="com.qa.crm.test.HomePageTest" tests="1" failures="0" timestamp="28 Sep 2021 04:56:57 GMT" time="0.002" errors="0">
  <testcase name="verifyHomePageLogoName" time="0.002" classname="com.qa.crm.test.HomePageTest"/>
</testsuite> <!-- com.qa.crm.test.HomePageTest -->
