<?xml version="1.0" encoding="UTF-8"?>
<!-- Generated by org.testng.reporters.JUnitReportReporter -->
<testsuite hostname="DESKTOP-N0HSUA8" name="com.qa.crm.test.Rest_Get" tests="1" failures="0" timestamp="28 Sep 2021 18:19:36 GMT" time="2.091" errors="0">
  <testcase name="verifyGetResponse" time="2.091" classname="com.qa.crm.test.Rest_Get"/>
</testsuite> <!-- com.qa.crm.test.Rest_Get -->
