<?xml version="1.0" encoding="UTF-8"?>
<!-- Generated by org.testng.reporters.JUnitReportReporter -->
<testsuite hostname="DESKTOP-N0HSUA8" name="com.qa.crm.test.HomePageTest" tests="1" failures="0" timestamp="27 Sep 2021 19:12:55 GMT" time="24.872" errors="0">
  <testcase name="verifyHomePageLogoName" time="24.872" classname="com.qa.crm.test.HomePageTest"/>
</testsuite> <!-- com.qa.crm.test.HomePageTest -->
